<?xml version="1.0" encoding="UTF-8"?>
<testng-results skipped="0" failed="0" ignored="0" total="1" passed="1">
  <reporter-output>
  </reporter-output>
  <suite name="Suite" duration-ms="2757" started-at="2018-12-29T15:58:23Z" finished-at="2018-12-29T15:58:26Z">
    <groups>
    </groups>
    <test name="Test" duration-ms="2757" started-at="2018-12-29T15:58:23Z" finished-at="2018-12-29T15:58:26Z">
      <class name="com.MavenTestNG.BaseClass">
        <test-method status="PASS" signature="setup()[pri:0, instance:com.MavenTestNG.BaseClass@3b084709]" name="setup" duration-ms="2737" started-at="2018-12-29T15:58:23Z" finished-at="2018-12-29T15:58:26Z">
          <reporter-output>
          </reporter-output>
        </test-method> <!-- setup -->
      </class> <!-- com.MavenTestNG.BaseClass -->
    </test> <!-- Test -->
  </suite> <!-- Suite -->
</testng-results>
